<?xml version="1.0" encoding="UTF-8"?>
<!-- Generated by org.testng.reporters.JUnitReportReporter -->
<testsuite hostname="Hp" failures="0" tests="2" name="com.cowstudios.qa.testcases.TableHTMLTagPageTest" time="55.427" errors="0" timestamp="2024-03-07T18:27:38 IST" skipped="0">
  <testcase classname="com.cowstudios.qa.testcases.TableHTMLTagPageTest" name="tableHTMLTagPageTitle" time="17.946"/>
  <system-out/>
  <testcase classname="com.cowstudios.qa.testcases.TableHTMLTagPageTest" name="testDataComparisonWithJSON" time="37.481"/>
  <system-out/>
</testsuite> <!-- com.cowstudios.qa.testcases.TableHTMLTagPageTest -->
